PCAD Importer Log
Project : ZX62D-B-5P8.LibPkg

Section : G:\My Drive\ITBA\7° Cuatrimestre\Laboratorio de Microcontroladores\Trabajos Prácticos\5 - Reproductor de MP3\Altium\ZX62D-B-5P8.lia
    Section : PCB Library - ZX62D-B-5P8.PcbLib
        Section : Load Messages
            Warning - 1 : Skipping Token isVisible On Line 4002
            Warning - 1 : Skipping Token isVisible On Line 4077
            Warning - 1 : Skipping Token ZX62D-B-5P8 On Line 4159
            Warning - 1 : Skipping Token attachedSymbol On Line 4296
        EndSection

        Section : Import Messages
            Warning - 0 : PCAD Pattern Graphics [HRS_ZX62D-B-5P8][Primary] associated with PCAD Component [ZX62D-B-5P8] has been renamed to PCB FootPrint [HRS_ZX62D-B-5P8_ZX62D-B-5P8(Primary)].
        EndSection
    EndSection

    Section : SCH Library - ZX62D-B-5P8.SchLib
        Section : Parsing Messages
            Warning - 1 : Skipping Token padStyleDef On Line 9
            Warning - 1 : Skipping Token padStyleDef On Line 21
            Warning - 1 : Skipping Token padStyleDef On Line 33
            Warning - 1 : Skipping Token padStyleDef On Line 45
            Warning - 1 : Skipping Token multiLayer On Line 120
            Warning - 1 : Skipping Token layerContents On Line 133
            Warning - 1 : Skipping Token layerContents On Line 159
            Warning - 1 : Skipping Token layerContents On Line 1101
            Warning - 1 : Skipping Token layerContents On Line 1111
            Warning - 1 : Skipping Token layerContents On Line 2053
            Warning - 1 : Skipping Token layerContents On Line 2995
            Warning - 1 : Skipping Token layerContents On Line 3021
            Warning - 1 : Skipping Token layerContents On Line 3051
            Warning - 1 : Skipping Token layerContents On Line 3993
            Warning - 1 : Skipping Token layerContents On Line 4068
            Warning - 1 : Skipping Token layerContents On Line 4143
        EndSection

        Section : Generating SCH Library - ZX62D-B-5P8.SchLib
            Warning - 0 : PCAD Pattern Graphics [HRS_ZX62D-B-5P8][Primary] associated with PCAD Component [ZX62D-B-5P8] has been renamed to PCB FootPrint [HRS_ZX62D-B-5P8_ZX62D-B-5P8(Primary)].
        EndSection
    EndSection
EndSection
